The system is: Darwin - 18.0.0 - x86_64
Compiling the C compiler identification source file "CMakeCCompilerId.c" succeeded.
Compiler:  
Build flags: 
Id flags:  

The output was:
0
note: Using new build system
note: Planning build
note: Constructing build description
Build system information
warning: Traditional headermap style is no longer supported; please migrate to using separate headermaps and set 'ALWAYS_SEARCH_USER_PATHS' to NO. (in target 'CompilerIdC')

CreateBuildDirectory /Users/coolkit/Documents/学习文档/opengl/tools/glfw-3.2.1/build/CMakeFiles/3.12.4/CompilerIdC (in target: CompilerIdC)
    cd /Users/coolkit/Documents/学习文档/opengl/tools/glfw-3.2.1/build/CMakeFiles/3.12.4/CompilerIdC
    builtin-create-build-directory /Users/coolkit/Documents/学习文档/opengl/tools/glfw-3.2.1/build/CMakeFiles/3.12.4/CompilerIdC

WriteAuxiliaryFile /Users/coolkit/Documents/学习文档/opengl/tools/glfw-3.2.1/build/CMakeFiles/3.12.4/CompilerIdC/CompilerIdC.build/Debug/CompilerIdC.build/CompilerIdC-own-target-headers.hmap (in target: CompilerIdC)
    cd /Users/coolkit/Documents/学习文档/opengl/tools/glfw-3.2.1/build/CMakeFiles/3.12.4/CompilerIdC
    write-file /Users/coolkit/Documents/学习文档/opengl/tools/glfw-3.2.1/build/CMakeFiles/3.12.4/CompilerIdC/CompilerIdC.build/Debug/CompilerIdC.build/CompilerIdC-own-target-headers.hmap

WriteAuxiliaryFile /Users/coolkit/Documents/学习文档/opengl/tools/glfw-3.2.1/build/CMakeFiles/3.12.4/CompilerIdC/CompilerIdC.build/Debug/CompilerIdC.build/CompilerIdC.hmap (in target: CompilerIdC)
    cd /Users/coolkit/Documents/学习文档/opengl/tools/glfw-3.2.1/build/CMakeFiles/3.12.4/CompilerIdC
    write-file /Users/coolkit/Documents/学习文档/opengl/tools/glfw-3.2.1/build/CMakeFiles/3.12.4/CompilerIdC/CompilerIdC.build/Debug/CompilerIdC.build/CompilerIdC.hmap

WriteAuxiliaryFile /Users/coolkit/Documents/学习文档/opengl/tools/glfw-3.2.1/build/CMakeFiles/3.12.4/CompilerIdC/CompilerIdC.build/Debug/CompilerIdC.build/all-product-headers.yaml (in target: CompilerIdC)
    cd /Users/coolkit/Documents/学习文档/opengl/tools/glfw-3.2.1/build/CMakeFiles/3.12.4/CompilerIdC
    write-file /Users/coolkit/Documents/学习文档/opengl/tools/glfw-3.2.1/build/CMakeFiles/3.12.4/CompilerIdC/CompilerIdC.build/Debug/CompilerIdC.build/all-product-headers.yaml

WriteAuxiliaryFile /Users/coolkit/Documents/学习文档/opengl/tools/glfw-3.2.1/build/CMakeFiles/3.12.4/CompilerIdC/CompilerIdC.build/Debug/CompilerIdC.build/CompilerIdC-project-headers.hmap (in target: CompilerIdC)
    cd /Users/coolkit/Documents/学习文档/opengl/tools/glfw-3.2.1/build/CMakeFiles/3.12.4/CompilerIdC
    write-file /Users/coolkit/Documents/学习文档/opengl/tools/glfw-3.2.1/build/CMakeFiles/3.12.4/CompilerIdC/CompilerIdC.build/Debug/CompilerIdC.build/CompilerIdC-project-headers.hmap

WriteAuxiliaryFile /Users/coolkit/Documents/学习文档/opengl/tools/glfw-3.2.1/build/CMakeFiles/3.12.4/CompilerIdC/CompilerIdC.build/Debug/CompilerIdC.build/CompilerIdC-generated-files.hmap (in target: CompilerIdC)
    cd /Users/coolkit/Documents/学习文档/opengl/tools/glfw-3.2.1/build/CMakeFiles/3.12.4/CompilerIdC
    write-file /Users/coolkit/Documents/学习文档/opengl/tools/glfw-3.2.1/build/CMakeFiles/3.12.4/CompilerIdC/CompilerIdC.build/Debug/CompilerIdC.build/CompilerIdC-generated-files.hmap

WriteAuxiliaryFile /Users/coolkit/Documents/学习文档/opengl/tools/glfw-3.2.1/build/CMakeFiles/3.12.4/CompilerIdC/CompilerIdC.build/Debug/CompilerIdC.build/CompilerIdC-all-target-headers.hmap (in target: CompilerIdC)
    cd /Users/coolkit/Documents/学习文档/opengl/tools/glfw-3.2.1/build/CMakeFiles/3.12.4/CompilerIdC
    write-file /Users/coolkit/Documents/学习文档/opengl/tools/glfw-3.2.1/build/CMakeFiles/3.12.4/CompilerIdC/CompilerIdC.build/Debug/CompilerIdC.build/CompilerIdC-all-target-headers.hmap

WriteAuxiliaryFile /Users/coolkit/Documents/学习文档/opengl/tools/glfw-3.2.1/build/CMakeFiles/3.12.4/CompilerIdC/CompilerIdC.build/Debug/CompilerIdC.build/CompilerIdC-all-non-framework-target-headers.hmap (in target: CompilerIdC)
    cd /Users/coolkit/Documents/学习文档/opengl/tools/glfw-3.2.1/build/CMakeFiles/3.12.4/CompilerIdC
    write-file /Users/coolkit/Documents/学习文档/opengl/tools/glfw-3.2.1/build/CMakeFiles/3.12.4/CompilerIdC/CompilerIdC.build/Debug/CompilerIdC.build/CompilerIdC-all-non-framework-target-headers.hmap

CompileC /Users/coolkit/Documents/学习文档/opengl/tools/glfw-3.2.1/build/CMakeFiles/3.12.4/CompilerIdC/CompilerIdC.build/Debug/CompilerIdC.build/Objects-normal/x86_64/CMakeCCompilerId.o /Users/coolkit/Documents/学习文档/opengl/tools/glfw-3.2.1/build/CMakeFiles/3.12.4/CompilerIdC/CMakeCCompilerId.c normal x86_64 c com.apple.compilers.llvm.clang.1_0.compiler (in target: CompilerIdC)
    cd /Users/coolkit/Documents/学习文档/opengl/tools/glfw-3.2.1/build/CMakeFiles/3.12.4/CompilerIdC
    export LANG=en_US.US-ASCII
    /Applications/Xcode.app/Contents/Developer/Toolchains/XcodeDefault.xctoolchain/usr/bin/clang -x c -arch x86_64 -fmessage-length=0 -fdiagnostics-show-note-include-stack -fmacro-backtrace-limit=0 -Wno-trigraphs -fpascal-strings -Os -Wno-missing-field-initializers -Wno-missing-prototypes -Wno-return-type -Wno-missing-braces -Wparentheses -Wswitch -Wno-unused-function -Wno-unused-label -Wno-unused-parameter -Wno-unused-variable -Wunused-value -Wno-empty-body -Wno-uninitialized -Wno-unknown-pragmas -Wno-shadow -Wno-four-char-constants -Wno-conversion -Wno-constant-conversion -Wno-int-conversion -Wno-bool-conversion -Wno-enum-conversion -Wno-float-conversion -Wno-non-literal-null-conversion -Wno-objc-literal-conversion -Wno-shorten-64-to-32 -Wpointer-sign -Wno-newline-eof -isysroot /Applications/Xcode.app/Contents/Developer/Platforms/MacOSX.platform/Developer/SDKs/MacOSX10.14.sdk -fasm-blocks -fstrict-aliasing -Wdeprecated-declarations -mmacosx-version-min=10.14 -g -fvisibility=hidden -Wno-sign-conversion -Wno-infinite-recursion -Wno-comma -Wno-block-capture-autoreleasing -Wno-strict-prototypes -Wno-semicolon-before-method-body -iquote /Users/coolkit/Documents/学习文档/opengl/tools/glfw-3.2.1/build/CMakeFiles/3.12.4/CompilerIdC/CompilerIdC.build/Debug/CompilerIdC.build/CompilerIdC-generated-files.hmap -I/Users/coolkit/Documents/学习文档/opengl/tools/glfw-3.2.1/build/CMakeFiles/3.12.4/CompilerIdC/CompilerIdC.build/Debug/CompilerIdC.build/CompilerIdC-own-target-headers.hmap -I/Users/coolkit/Documents/学习文档/opengl/tools/glfw-3.2.1/build/CMakeFiles/3.12.4/CompilerIdC/CompilerIdC.build/Debug/CompilerIdC.build/CompilerIdC-all-target-headers.hmap -iquote /Users/coolkit/Documents/学习文档/opengl/tools/glfw-3.2.1/build/CMakeFiles/3.12.4/CompilerIdC/CompilerIdC.build/Debug/CompilerIdC.build/CompilerIdC-project-headers.hmap -I/Users/coolkit/Documents/学习文档/opengl/tools/glfw-3.2.1/build/CMakeFiles/3.12.4/CompilerIdC/include -I/Users/coolkit/Documents/学习文档/opengl/tools/glfw-3.2.1/build/CMakeFiles/3.12.4/CompilerIdC/CompilerIdC.build/Debug/CompilerIdC.build/DerivedSources/x86_64 -I/Users/coolkit/Documents/学习文档/opengl/tools/glfw-3.2.1/build/CMakeFiles/3.12.4/CompilerIdC/CompilerIdC.build/Debug/CompilerIdC.build/DerivedSources -F/Users/coolkit/Documents/学习文档/opengl/tools/glfw-3.2.1/build/CMakeFiles/3.12.4/CompilerIdC -MMD -MT dependencies -MF /Users/coolkit/Documents/学习文档/opengl/tools/glfw-3.2.1/build/CMakeFiles/3.12.4/CompilerIdC/CompilerIdC.build/Debug/CompilerIdC.build/Objects-normal/x86_64/CMakeCCompilerId.d --serialize-diagnostics /Users/coolkit/Documents/学习文档/opengl/tools/glfw-3.2.1/build/CMakeFiles/3.12.4/CompilerIdC/CompilerIdC.build/Debug/CompilerIdC.build/Objects-normal/x86_64/CMakeCCompilerId.dia -c /Users/coolkit/Documents/学习文档/opengl/tools/glfw-3.2.1/build/CMakeFiles/3.12.4/CompilerIdC/CMakeCCompilerId.c -o /Users/coolkit/Documents/学习文档/opengl/tools/glfw-3.2.1/build/CMakeFiles/3.12.4/CompilerIdC/CompilerIdC.build/Debug/CompilerIdC.build/Objects-normal/x86_64/CMakeCCompilerId.o

WriteAuxiliaryFile /Users/coolkit/Documents/学习文档/opengl/tools/glfw-3.2.1/build/CMakeFiles/3.12.4/CompilerIdC/CompilerIdC.build/Debug/CompilerIdC.build/Objects-normal/x86_64/CompilerIdC.LinkFileList (in target: CompilerIdC)
    cd /Users/coolkit/Documents/学习文档/opengl/tools/glfw-3.2.1/build/CMakeFiles/3.12.4/CompilerIdC
    write-file /Users/coolkit/Documents/学习文档/opengl/tools/glfw-3.2.1/build/CMakeFiles/3.12.4/CompilerIdC/CompilerIdC.build/Debug/CompilerIdC.build/Objects-normal/x86_64/CompilerIdC.LinkFileList

Ld /Users/coolkit/Documents/学习文档/opengl/tools/glfw-3.2.1/build/CMakeFiles/3.12.4/CompilerIdC/CompilerIdC normal x86_64 (in target: CompilerIdC)
    cd /Users/coolkit/Documents/学习文档/opengl/tools/glfw-3.2.1/build/CMakeFiles/3.12.4/CompilerIdC
    export MACOSX_DEPLOYMENT_TARGET=10.14
    /Applications/Xcode.app/Contents/Developer/Toolchains/XcodeDefault.xctoolchain/usr/bin/clang -arch x86_64 -isysroot /Applications/Xcode.app/Contents/Developer/Platforms/MacOSX.platform/Developer/SDKs/MacOSX10.14.sdk -L/Users/coolkit/Documents/学习文档/opengl/tools/glfw-3.2.1/build/CMakeFiles/3.12.4/CompilerIdC -F/Users/coolkit/Documents/学习文档/opengl/tools/glfw-3.2.1/build/CMakeFiles/3.12.4/CompilerIdC -filelist /Users/coolkit/Documents/学习文档/opengl/tools/glfw-3.2.1/build/CMakeFiles/3.12.4/CompilerIdC/CompilerIdC.build/Debug/CompilerIdC.build/Objects-normal/x86_64/CompilerIdC.LinkFileList -mmacosx-version-min=10.14 -Xlinker -object_path_lto -Xlinker /Users/coolkit/Documents/学习文档/opengl/tools/glfw-3.2.1/build/CMakeFiles/3.12.4/CompilerIdC/CompilerIdC.build/Debug/CompilerIdC.build/Objects-normal/x86_64/CompilerIdC_lto.o -Xlinker -dependency_info -Xlinker /Users/coolkit/Documents/学习文档/opengl/tools/glfw-3.2.1/build/CMakeFiles/3.12.4/CompilerIdC/CompilerIdC.build/Debug/CompilerIdC.build/Objects-normal/x86_64/CompilerIdC_dependency_info.dat -o /Users/coolkit/Documents/学习文档/opengl/tools/glfw-3.2.1/build/CMakeFiles/3.12.4/CompilerIdC/CompilerIdC

WriteAuxiliaryFile /Users/coolkit/Documents/学习文档/opengl/tools/glfw-3.2.1/build/CMakeFiles/3.12.4/CompilerIdC/CompilerIdC.build/Debug/CompilerIdC.build/Script-2C8FEB8E15DC1A1A00E56A5D.sh (in target: CompilerIdC)
    cd /Users/coolkit/Documents/学习文档/opengl/tools/glfw-3.2.1/build/CMakeFiles/3.12.4/CompilerIdC
    write-file /Users/coolkit/Documents/学习文档/opengl/tools/glfw-3.2.1/build/CMakeFiles/3.12.4/CompilerIdC/CompilerIdC.build/Debug/CompilerIdC.build/Script-2C8FEB8E15DC1A1A00E56A5D.sh

PhaseScriptExecution Run\ Script /Users/coolkit/Documents/学习文档/opengl/tools/glfw-3.2.1/build/CMakeFiles/3.12.4/CompilerIdC/CompilerIdC.build/Debug/CompilerIdC.build/Script-2C8FEB8E15DC1A1A00E56A5D.sh (in target: CompilerIdC)
    cd /Users/coolkit/Documents/学习文档/opengl/tools/glfw-3.2.1/build/CMakeFiles/3.12.4/CompilerIdC
    /bin/sh -c /Users/coolkit/Documents/\\学\\习\\文\\档/opengl/tools/glfw-3.2.1/build/CMakeFiles/3.12.4/CompilerIdC/CompilerIdC.build/Debug/CompilerIdC.build/Script-2C8FEB8E15DC1A1A00E56A5D.sh
GCC_VERSION=com.apple.compilers.llvm.clang.1_0
ARCHS=x86_64

** BUILD SUCCEEDED **



Compilation of the C compiler identification source "CMakeCCompilerId.c" produced "CompilerIdC"

The C compiler identification is AppleClang, found in "/Users/coolkit/Documents/学习文档/opengl/tools/glfw-3.2.1/build/CMakeFiles/3.12.4/CompilerIdC/CompilerIdC"

Determining if the C compiler works passed with the following output:
Change Dir: /Users/coolkit/Documents/学习文档/opengl/tools/glfw-3.2.1/build/CMakeFiles/CMakeTmp

Run Build Command:"/usr/bin/xcodebuild" "-project" "CMAKE_TRY_COMPILE.xcodeproj" "build" "-target" "cmTC_c5535" "-configuration" "Debug"
Prepare build
note: Using legacy build system

=== BUILD TARGET cmTC_c5535 OF PROJECT CMAKE_TRY_COMPILE WITH CONFIGURATION Debug ===

Check dependencies

Write auxiliary files
/bin/mkdir -p /Users/coolkit/Documents/学习文档/opengl/tools/glfw-3.2.1/build/CMakeFiles/CMakeTmp/CMAKE_TRY_COMPILE.build/Debug/cmTC_c5535.build/Objects-normal/x86_64
write-file /Users/coolkit/Documents/学习文档/opengl/tools/glfw-3.2.1/build/CMakeFiles/CMakeTmp/CMAKE_TRY_COMPILE.build/Debug/cmTC_c5535.build/Objects-normal/x86_64/cmTC_c5535.LinkFileList

CompileC CMAKE_TRY_COMPILE.build/Debug/cmTC_c5535.build/Objects-normal/x86_64/testCCompiler.o testCCompiler.c normal x86_64 c com.apple.compilers.llvm.clang.1_0.compiler
    cd /Users/coolkit/Documents/学习文档/opengl/tools/glfw-3.2.1/build/CMakeFiles/CMakeTmp
    export LANG=en_US.US-ASCII
    /Applications/Xcode.app/Contents/Developer/Toolchains/XcodeDefault.xctoolchain/usr/bin/clang -x c -arch x86_64 -fmessage-length=0 -fdiagnostics-show-note-include-stack -fmacro-backtrace-limit=0 -Wno-trigraphs -fpascal-strings -O0 -Wno-missing-field-initializers -Wno-missing-prototypes -Wno-return-type -Wno-missing-braces -Wparentheses -Wswitch -Wno-unused-function -Wno-unused-label -Wno-unused-parameter -Wno-unused-variable -Wunused-value -Wno-empty-body -Wno-uninitialized -Wno-unknown-pragmas -Wno-shadow -Wno-four-char-constants -Wno-conversion -Wno-constant-conversion -Wno-int-conversion -Wno-bool-conversion -Wno-enum-conversion -Wno-float-conversion -Wno-non-literal-null-conversion -Wno-objc-literal-conversion -Wno-shorten-64-to-32 -Wpointer-sign -Wno-newline-eof -DCMAKE_INTDIR=\"Debug\" -isysroot /Applications/Xcode.app/Contents/Developer/Platforms/MacOSX.platform/Developer/SDKs/MacOSX10.14.sdk -fasm-blocks -fstrict-aliasing -Wdeprecated-declarations -mmacosx-version-min=10.14 -g -Wno-sign-conversion -Wno-infinite-recursion -Wno-comma -Wno-block-capture-autoreleasing -Wno-strict-prototypes -Wno-semicolon-before-method-body -I/Users/coolkit/Documents/学习文档/opengl/tools/glfw-3.2.1/build/CMakeFiles/CMakeTmp/Debug/include -I/Users/coolkit/Documents/学习文档/opengl/tools/glfw-3.2.1/build/CMakeFiles/CMakeTmp/CMAKE_TRY_COMPILE.build/Debug/cmTC_c5535.build/DerivedSources/x86_64 -I/Users/coolkit/Documents/学习文档/opengl/tools/glfw-3.2.1/build/CMakeFiles/CMakeTmp/CMAKE_TRY_COMPILE.build/Debug/cmTC_c5535.build/DerivedSources -Wmost -Wno-four-char-constants -Wno-unknown-pragmas -F/Users/coolkit/Documents/学习文档/opengl/tools/glfw-3.2.1/build/CMakeFiles/CMakeTmp/Debug -MMD -MT dependencies -MF /Users/coolkit/Documents/学习文档/opengl/tools/glfw-3.2.1/build/CMakeFiles/CMakeTmp/CMAKE_TRY_COMPILE.build/Debug/cmTC_c5535.build/Objects-normal/x86_64/testCCompiler.d --serialize-diagnostics /Users/coolkit/Documents/学习文档/opengl/tools/glfw-3.2.1/build/CMakeFiles/CMakeTmp/CMAKE_TRY_COMPILE.build/Debug/cmTC_c5535.build/Objects-normal/x86_64/testCCompiler.dia -c /Users/coolkit/Documents/学习文档/opengl/tools/glfw-3.2.1/build/CMakeFiles/CMakeTmp/testCCompiler.c -o /Users/coolkit/Documents/学习文档/opengl/tools/glfw-3.2.1/build/CMakeFiles/CMakeTmp/CMAKE_TRY_COMPILE.build/Debug/cmTC_c5535.build/Objects-normal/x86_64/testCCompiler.o

Ld Debug/cmTC_c5535 normal x86_64
    cd /Users/coolkit/Documents/学习文档/opengl/tools/glfw-3.2.1/build/CMakeFiles/CMakeTmp
    export MACOSX_DEPLOYMENT_TARGET=10.14
    /Applications/Xcode.app/Contents/Developer/Toolchains/XcodeDefault.xctoolchain/usr/bin/clang -arch x86_64 -isysroot /Applications/Xcode.app/Contents/Developer/Platforms/MacOSX.platform/Developer/SDKs/MacOSX10.14.sdk -L/Users/coolkit/Documents/学习文档/opengl/tools/glfw-3.2.1/build/CMakeFiles/CMakeTmp/Debug -F/Users/coolkit/Documents/学习文档/opengl/tools/glfw-3.2.1/build/CMakeFiles/CMakeTmp/Debug -filelist /Users/coolkit/Documents/学习文档/opengl/tools/glfw-3.2.1/build/CMakeFiles/CMakeTmp/CMAKE_TRY_COMPILE.build/Debug/cmTC_c5535.build/Objects-normal/x86_64/cmTC_c5535.LinkFileList -mmacosx-version-min=10.14 -Xlinker -object_path_lto -Xlinker /Users/coolkit/Documents/学习文档/opengl/tools/glfw-3.2.1/build/CMakeFiles/CMakeTmp/CMAKE_TRY_COMPILE.build/Debug/cmTC_c5535.build/Objects-normal/x86_64/cmTC_c5535_lto.o -Xlinker -no_deduplicate -Wl,-search_paths_first -Wl,-headerpad_max_install_names -Xlinker -dependency_info -Xlinker /Users/coolkit/Documents/学习文档/opengl/tools/glfw-3.2.1/build/CMakeFiles/CMakeTmp/CMAKE_TRY_COMPILE.build/Debug/cmTC_c5535.build/Objects-normal/x86_64/cmTC_c5535_dependency_info.dat -o /Users/coolkit/Documents/学习文档/opengl/tools/glfw-3.2.1/build/CMakeFiles/CMakeTmp/Debug/cmTC_c5535

** BUILD SUCCEEDED **



Detecting C compiler ABI info compiled with the following output:
Change Dir: /Users/coolkit/Documents/学习文档/opengl/tools/glfw-3.2.1/build/CMakeFiles/CMakeTmp

Run Build Command:"/usr/bin/xcodebuild" "-project" "CMAKE_TRY_COMPILE.xcodeproj" "build" "-target" "cmTC_b9942" "-configuration" "Debug"
Prepare build
note: Using legacy build system

=== BUILD TARGET cmTC_b9942 OF PROJECT CMAKE_TRY_COMPILE WITH CONFIGURATION Debug ===

Check dependencies

Write auxiliary files
/bin/mkdir -p /Users/coolkit/Documents/学习文档/opengl/tools/glfw-3.2.1/build/CMakeFiles/CMakeTmp/CMAKE_TRY_COMPILE.build/Debug/cmTC_b9942.build/Objects-normal/x86_64
write-file /Users/coolkit/Documents/学习文档/opengl/tools/glfw-3.2.1/build/CMakeFiles/CMakeTmp/CMAKE_TRY_COMPILE.build/Debug/cmTC_b9942.build/Objects-normal/x86_64/cmTC_b9942.LinkFileList

CompileC CMAKE_TRY_COMPILE.build/Debug/cmTC_b9942.build/Objects-normal/x86_64/CMakeCCompilerABI.o /Applications/CMake.app/Contents/share/cmake-3.12/Modules/CMakeCCompilerABI.c normal x86_64 c com.apple.compilers.llvm.clang.1_0.compiler
    cd /Users/coolkit/Documents/学习文档/opengl/tools/glfw-3.2.1/build/CMakeFiles/CMakeTmp
    export LANG=en_US.US-ASCII
    /Applications/Xcode.app/Contents/Developer/Toolchains/XcodeDefault.xctoolchain/usr/bin/clang -x c -arch x86_64 -fmessage-length=0 -fdiagnostics-show-note-include-stack -fmacro-backtrace-limit=0 -Wno-trigraphs -fpascal-strings -O0 -Wno-missing-field-initializers -Wno-missing-prototypes -Wno-return-type -Wno-missing-braces -Wparentheses -Wswitch -Wno-unused-function -Wno-unused-label -Wno-unused-parameter -Wno-unused-variable -Wunused-value -Wno-empty-body -Wno-uninitialized -Wno-unknown-pragmas -Wno-shadow -Wno-four-char-constants -Wno-conversion -Wno-constant-conversion -Wno-int-conversion -Wno-bool-conversion -Wno-enum-conversion -Wno-float-conversion -Wno-non-literal-null-conversion -Wno-objc-literal-conversion -Wno-shorten-64-to-32 -Wpointer-sign -Wno-newline-eof -DCMAKE_INTDIR=\"Debug\" -isysroot /Applications/Xcode.app/Contents/Developer/Platforms/MacOSX.platform/Developer/SDKs/MacOSX10.14.sdk -fasm-blocks -fstrict-aliasing -Wdeprecated-declarations -mmacosx-version-min=10.14 -g -Wno-sign-conversion -Wno-infinite-recursion -Wno-comma -Wno-block-capture-autoreleasing -Wno-strict-prototypes -Wno-semicolon-before-method-body -I/Users/coolkit/Documents/学习文档/opengl/tools/glfw-3.2.1/build/CMakeFiles/CMakeTmp/Debug/include -I/Users/coolkit/Documents/学习文档/opengl/tools/glfw-3.2.1/build/CMakeFiles/CMakeTmp/CMAKE_TRY_COMPILE.build/Debug/cmTC_b9942.build/DerivedSources/x86_64 -I/Users/coolkit/Documents/学习文档/opengl/tools/glfw-3.2.1/build/CMakeFiles/CMakeTmp/CMAKE_TRY_COMPILE.build/Debug/cmTC_b9942.build/DerivedSources -Wmost -Wno-four-char-constants -Wno-unknown-pragmas -F/Users/coolkit/Documents/学习文档/opengl/tools/glfw-3.2.1/build/CMakeFiles/CMakeTmp/Debug -MMD -MT dependencies -MF /Users/coolkit/Documents/学习文档/opengl/tools/glfw-3.2.1/build/CMakeFiles/CMakeTmp/CMAKE_TRY_COMPILE.build/Debug/cmTC_b9942.build/Objects-normal/x86_64/CMakeCCompilerABI.d --serialize-diagnostics /Users/coolkit/Documents/学习文档/opengl/tools/glfw-3.2.1/build/CMakeFiles/CMakeTmp/CMAKE_TRY_COMPILE.build/Debug/cmTC_b9942.build/Objects-normal/x86_64/CMakeCCompilerABI.dia -c /Applications/CMake.app/Contents/share/cmake-3.12/Modules/CMakeCCompilerABI.c -o /Users/coolkit/Documents/学习文档/opengl/tools/glfw-3.2.1/build/CMakeFiles/CMakeTmp/CMAKE_TRY_COMPILE.build/Debug/cmTC_b9942.build/Objects-normal/x86_64/CMakeCCompilerABI.o

Ld Debug/cmTC_b9942 normal x86_64
    cd /Users/coolkit/Documents/学习文档/opengl/tools/glfw-3.2.1/build/CMakeFiles/CMakeTmp
    export MACOSX_DEPLOYMENT_TARGET=10.14
    /Applications/Xcode.app/Contents/Developer/Toolchains/XcodeDefault.xctoolchain/usr/bin/clang -arch x86_64 -isysroot /Applications/Xcode.app/Contents/Developer/Platforms/MacOSX.platform/Developer/SDKs/MacOSX10.14.sdk -L/Users/coolkit/Documents/学习文档/opengl/tools/glfw-3.2.1/build/CMakeFiles/CMakeTmp/Debug -F/Users/coolkit/Documents/学习文档/opengl/tools/glfw-3.2.1/build/CMakeFiles/CMakeTmp/Debug -filelist /Users/coolkit/Documents/学习文档/opengl/tools/glfw-3.2.1/build/CMakeFiles/CMakeTmp/CMAKE_TRY_COMPILE.build/Debug/cmTC_b9942.build/Objects-normal/x86_64/cmTC_b9942.LinkFileList -mmacosx-version-min=10.14 -Xlinker -object_path_lto -Xlinker /Users/coolkit/Documents/学习文档/opengl/tools/glfw-3.2.1/build/CMakeFiles/CMakeTmp/CMAKE_TRY_COMPILE.build/Debug/cmTC_b9942.build/Objects-normal/x86_64/cmTC_b9942_lto.o -Xlinker -no_deduplicate -v -Wl,-v -Wl,-search_paths_first -Wl,-headerpad_max_install_names -Xlinker -dependency_info -Xlinker /Users/coolkit/Documents/学习文档/opengl/tools/glfw-3.2.1/build/CMakeFiles/CMakeTmp/CMAKE_TRY_COMPILE.build/Debug/cmTC_b9942.build/Objects-normal/x86_64/cmTC_b9942_dependency_info.dat -o /Users/coolkit/Documents/学习文档/opengl/tools/glfw-3.2.1/build/CMakeFiles/CMakeTmp/Debug/cmTC_b9942
Apple LLVM version 10.0.0 (clang-1000.11.45.2)
Target: x86_64-apple-darwin18.0.0
Thread model: posix
InstalledDir: /Applications/Xcode.app/Contents/Developer/Toolchains/XcodeDefault.xctoolchain/usr/bin
 "/Applications/Xcode.app/Contents/Developer/Toolchains/XcodeDefault.xctoolchain/usr/bin/ld" -demangle -lto_library /Applications/Xcode.app/Contents/Developer/Toolchains/XcodeDefault.xctoolchain/usr/lib/libLTO.dylib -dynamic -arch x86_64 -macosx_version_min 10.14.0 -syslibroot /Applications/Xcode.app/Contents/Developer/Platforms/MacOSX.platform/Developer/SDKs/MacOSX10.14.sdk -o /Users/coolkit/Documents/学习文档/opengl/tools/glfw-3.2.1/build/CMakeFiles/CMakeTmp/Debug/cmTC_b9942 -L/Users/coolkit/Documents/学习文档/opengl/tools/glfw-3.2.1/build/CMakeFiles/CMakeTmp/Debug -filelist /Users/coolkit/Documents/学习文档/opengl/tools/glfw-3.2.1/build/CMakeFiles/CMakeTmp/CMAKE_TRY_COMPILE.build/Debug/cmTC_b9942.build/Objects-normal/x86_64/cmTC_b9942.LinkFileList -object_path_lto /Users/coolkit/Documents/学习文档/opengl/tools/glfw-3.2.1/build/CMakeFiles/CMakeTmp/CMAKE_TRY_COMPILE.build/Debug/cmTC_b9942.build/Objects-normal/x86_64/cmTC_b9942_lto.o -no_deduplicate -v -search_paths_first -headerpad_max_install_names -dependency_info /Users/coolkit/Documents/学习文档/opengl/tools/glfw-3.2.1/build/CMakeFiles/CMakeTmp/CMAKE_TRY_COMPILE.build/Debug/cmTC_b9942.build/Objects-normal/x86_64/cmTC_b9942_dependency_info.dat -lSystem /Applications/Xcode.app/Contents/Developer/Toolchains/XcodeDefault.xctoolchain/usr/lib/clang/10.0.0/lib/darwin/libclang_rt.osx.a -F/Users/coolkit/Documents/学习文档/opengl/tools/glfw-3.2.1/build/CMakeFiles/CMakeTmp/Debug
@(#)PROGRAM:ld  PROJECT:ld64-409.12
BUILD 02:04:28 Aug 14 2018
configured to support archs: armv6 armv7 armv7s arm64 i386 x86_64 x86_64h armv6m armv7k armv7m armv7em arm64e arm64_32
Library search paths:
	/Users/coolkit/Documents/学习文档/opengl/tools/glfw-3.2.1/build/CMakeFiles/CMakeTmp/Debug
	/Applications/Xcode.app/Contents/Developer/Platforms/MacOSX.platform/Developer/SDKs/MacOSX10.14.sdk/usr/lib
Framework search paths:
	/Users/coolkit/Documents/学习文档/opengl/tools/glfw-3.2.1/build/CMakeFiles/CMakeTmp/Debug
	/Applications/Xcode.app/Contents/Developer/Platforms/MacOSX.platform/Developer/SDKs/MacOSX10.14.sdk/System/Library/Frameworks/

** BUILD SUCCEEDED **



Parsed C implicit link information from above output:
  link line regex: [^( *|.*[/\])(ld|CMAKE_LINK_STARTFILE-NOTFOUND|([^/\]+-)?ld|collect2)[^/\]*( |$)]
  ignore line: [Change Dir: /Users/coolkit/Documents/学习文档/opengl/tools/glfw-3.2.1/build/CMakeFiles/CMakeTmp]
  ignore line: []
  ignore line: [Run Build Command:"/usr/bin/xcodebuild" "-project" "CMAKE_TRY_COMPILE.xcodeproj" "build" "-target" "cmTC_b9942" "-configuration" "Debug"]
  ignore line: [Prepare build]
  ignore line: [note: Using legacy build system]
  ignore line: []
  ignore line: [=== BUILD TARGET cmTC_b9942 OF PROJECT CMAKE_TRY_COMPILE WITH CONFIGURATION Debug ===]
  ignore line: []
  ignore line: [Check dependencies]
  ignore line: []
  ignore line: [Write auxiliary files]
  ignore line: [/bin/mkdir -p /Users/coolkit/Documents/学习文档/opengl/tools/glfw-3.2.1/build/CMakeFiles/CMakeTmp/CMAKE_TRY_COMPILE.build/Debug/cmTC_b9942.build/Objects-normal/x86_64]
  ignore line: [write-file /Users/coolkit/Documents/学习文档/opengl/tools/glfw-3.2.1/build/CMakeFiles/CMakeTmp/CMAKE_TRY_COMPILE.build/Debug/cmTC_b9942.build/Objects-normal/x86_64/cmTC_b9942.LinkFileList]
  ignore line: []
  ignore line: [CompileC CMAKE_TRY_COMPILE.build/Debug/cmTC_b9942.build/Objects-normal/x86_64/CMakeCCompilerABI.o /Applications/CMake.app/Contents/share/cmake-3.12/Modules/CMakeCCompilerABI.c normal x86_64 c com.apple.compilers.llvm.clang.1_0.compiler]
  ignore line: [    cd /Users/coolkit/Documents/学习文档/opengl/tools/glfw-3.2.1/build/CMakeFiles/CMakeTmp]
  ignore line: [    export LANG=en_US.US-ASCII]
  ignore line: [    /Applications/Xcode.app/Contents/Developer/Toolchains/XcodeDefault.xctoolchain/usr/bin/clang -x c -arch x86_64 -fmessage-length=0 -fdiagnostics-show-note-include-stack -fmacro-backtrace-limit=0 -Wno-trigraphs -fpascal-strings -O0 -Wno-missing-field-initializers -Wno-missing-prototypes -Wno-return-type -Wno-missing-braces -Wparentheses -Wswitch -Wno-unused-function -Wno-unused-label -Wno-unused-parameter -Wno-unused-variable -Wunused-value -Wno-empty-body -Wno-uninitialized -Wno-unknown-pragmas -Wno-shadow -Wno-four-char-constants -Wno-conversion -Wno-constant-conversion -Wno-int-conversion -Wno-bool-conversion -Wno-enum-conversion -Wno-float-conversion -Wno-non-literal-null-conversion -Wno-objc-literal-conversion -Wno-shorten-64-to-32 -Wpointer-sign -Wno-newline-eof -DCMAKE_INTDIR=\"Debug\" -isysroot /Applications/Xcode.app/Contents/Developer/Platforms/MacOSX.platform/Developer/SDKs/MacOSX10.14.sdk -fasm-blocks -fstrict-aliasing -Wdeprecated-declarations -mmacosx-version-min=10.14 -g -Wno-sign-conversion -Wno-infinite-recursion -Wno-comma -Wno-block-capture-autoreleasing -Wno-strict-prototypes -Wno-semicolon-before-method-body -I/Users/coolkit/Documents/学习文档/opengl/tools/glfw-3.2.1/build/CMakeFiles/CMakeTmp/Debug/include -I/Users/coolkit/Documents/学习文档/opengl/tools/glfw-3.2.1/build/CMakeFiles/CMakeTmp/CMAKE_TRY_COMPILE.build/Debug/cmTC_b9942.build/DerivedSources/x86_64 -I/Users/coolkit/Documents/学习文档/opengl/tools/glfw-3.2.1/build/CMakeFiles/CMakeTmp/CMAKE_TRY_COMPILE.build/Debug/cmTC_b9942.build/DerivedSources -Wmost -Wno-four-char-constants -Wno-unknown-pragmas -F/Users/coolkit/Documents/学习文档/opengl/tools/glfw-3.2.1/build/CMakeFiles/CMakeTmp/Debug -MMD -MT dependencies -MF /Users/coolkit/Documents/学习文档/opengl/tools/glfw-3.2.1/build/CMakeFiles/CMakeTmp/CMAKE_TRY_COMPILE.build/Debug/cmTC_b9942.build/Objects-normal/x86_64/CMakeCCompilerABI.d --serialize-diagnostics /Users/coolkit/Documents/学习文档/opengl/tools/glfw-3.2.1/build/CMakeFiles/CMakeTmp/CMAKE_TRY_COMPILE.build/Debug/cmTC_b9942.build/Objects-normal/x86_64/CMakeCCompilerABI.dia -c /Applications/CMake.app/Contents/share/cmake-3.12/Modules/CMakeCCompilerABI.c -o /Users/coolkit/Documents/学习文档/opengl/tools/glfw-3.2.1/build/CMakeFiles/CMakeTmp/CMAKE_TRY_COMPILE.build/Debug/cmTC_b9942.build/Objects-normal/x86_64/CMakeCCompilerABI.o]
  ignore line: []
  ignore line: [Ld Debug/cmTC_b9942 normal x86_64]
  ignore line: [    cd /Users/coolkit/Documents/学习文档/opengl/tools/glfw-3.2.1/build/CMakeFiles/CMakeTmp]
  ignore line: [    export MACOSX_DEPLOYMENT_TARGET=10.14]
  ignore line: [    /Applications/Xcode.app/Contents/Developer/Toolchains/XcodeDefault.xctoolchain/usr/bin/clang -arch x86_64 -isysroot /Applications/Xcode.app/Contents/Developer/Platforms/MacOSX.platform/Developer/SDKs/MacOSX10.14.sdk -L/Users/coolkit/Documents/学习文档/opengl/tools/glfw-3.2.1/build/CMakeFiles/CMakeTmp/Debug -F/Users/coolkit/Documents/学习文档/opengl/tools/glfw-3.2.1/build/CMakeFiles/CMakeTmp/Debug -filelist /Users/coolkit/Documents/学习文档/opengl/tools/glfw-3.2.1/build/CMakeFiles/CMakeTmp/CMAKE_TRY_COMPILE.build/Debug/cmTC_b9942.build/Objects-normal/x86_64/cmTC_b9942.LinkFileList -mmacosx-version-min=10.14 -Xlinker -object_path_lto -Xlinker /Users/coolkit/Documents/学习文档/opengl/tools/glfw-3.2.1/build/CMakeFiles/CMakeTmp/CMAKE_TRY_COMPILE.build/Debug/cmTC_b9942.build/Objects-normal/x86_64/cmTC_b9942_lto.o -Xlinker -no_deduplicate -v -Wl,-v -Wl,-search_paths_first -Wl,-headerpad_max_install_names -Xlinker -dependency_info -Xlinker /Users/coolkit/Documents/学习文档/opengl/tools/glfw-3.2.1/build/CMakeFiles/CMakeTmp/CMAKE_TRY_COMPILE.build/Debug/cmTC_b9942.build/Objects-normal/x86_64/cmTC_b9942_dependency_info.dat -o /Users/coolkit/Documents/学习文档/opengl/tools/glfw-3.2.1/build/CMakeFiles/CMakeTmp/Debug/cmTC_b9942]
  ignore line: [Apple LLVM version 10.0.0 (clang-1000.11.45.2)]
  ignore line: [Target: x86_64-apple-darwin18.0.0]
  ignore line: [Thread model: posix]
  ignore line: [InstalledDir: /Applications/Xcode.app/Contents/Developer/Toolchains/XcodeDefault.xctoolchain/usr/bin]
  reduced line: [ "/Applications/Xcode.app/Contents/Developer/Toolchains/XcodeDefault.xctoolchain/usr/bin/ld" -demangle -lto_library /Applications/Xcode.app/Contents/Developer/Toolchains/XcodeDefault.xctoolchain/usr/lib/libLTO.dylib -dynamic -arch x86_64 -macosx_version_min 10.14.0 -syslibroot /Applications/Xcode.app/Contents/Developer/Platforms/MacOSX.platform/Developer/SDKs/MacOSX10.14.sdk -o /Users/coolkit/Documents/学习文档/opengl/tools/glfw-3.2.1/build/CMakeFiles/CMakeTmp/Debug/cmTC_b9942 -L/Users/coolkit/Documents/学习文档/opengl/tools/glfw-3.2.1/build/CMakeFiles/CMakeTmp/Debug -filelist /Users/coolkit/Documents/学习文档/opengl/tools/glfw-3.2.1/build/CMakeFiles/CMakeTmp/CMAKE_TRY_COMPILE.build/Debug/cmTC_b9942.build/Objects-normal/x86_64/cmTC_b9942.LinkFileList -object_path_lto /Users/coolkit/Documents/学习文档/opengl/tools/glfw-3.2.1/build/CMakeFiles/CMakeTmp/CMAKE_TRY_COMPILE.build/Debug/cmTC_b9942.build/Objects-normal/x86_64/cmTC_b9942_lto.o -no_deduplicate -v -search_paths_first -headerpad_max_install_names -dependency_info /Users/coolkit/Documents/学习文档/opengl/tools/glfw-3.2.1/build/CMakeFiles/CMakeTmp/CMAKE_TRY_COMPILE.build/Debug/cmTC_b9942.build/Objects-normal/x86_64/cmTC_b9942_dependency_info.dat -lSystem /Applications/Xcode.app/Contents/Developer/Toolchains/XcodeDefault.xctoolchain/usr/lib/clang/10.0.0/lib/darwin/libclang_rt.osx.a -F/Users/coolkit/Documents/学习文档/opengl/tools/glfw-3.2.1/build/CMakeFiles/CMakeTmp/Debug]
            to: [ "/Applications/Xcode.app/Contents/Developer/Toolchains/XcodeDefault.xctoolchain/usr/bin/ld" -demangle -lto_library /Applications/Xcode.app/Contents/Developer/Toolchains/XcodeDefault.xctoolchain/usr/lib/libLTO.dylib -dynamic -arch x86_64 -macosx_version_min 10.14.0 -syslibroot /Applications/Xcode.app/Contents/Developer/Platforms/MacOSX.platform/Developer/SDKs/MacOSX10.14.sdk -o /Users/coolkit/Documents/学习文档/opengl/tools/glfw-3.2.1/build/CMakeFiles/CMakeTmp/Debug/cmTC_b9942 -filelist /Users/coolkit/Documents/学习文档/opengl/tools/glfw-3.2.1/build/CMakeFiles/CMakeTmp/CMAKE_TRY_COMPILE.build/Debug/cmTC_b9942.build/Objects-normal/x86_64/cmTC_b9942.LinkFileList -object_path_lto /Users/coolkit/Documents/学习文档/opengl/tools/glfw-3.2.1/build/CMakeFiles/CMakeTmp/CMAKE_TRY_COMPILE.build/Debug/cmTC_b9942.build/Objects-normal/x86_64/cmTC_b9942_lto.o -no_deduplicate -v -search_paths_first -headerpad_max_install_names -dependency_info /Users/coolkit/Documents/学习文档/opengl/tools/glfw-3.2.1/build/CMakeFiles/CMakeTmp/CMAKE_TRY_COMPILE.build/Debug/cmTC_b9942.build/Objects-normal/x86_64/cmTC_b9942_dependency_info.dat -lSystem /Applications/Xcode.app/Contents/Developer/Toolchains/XcodeDefault.xctoolchain/usr/lib/clang/10.0.0/lib/darwin/libclang_rt.osx.a ]
  link line: [ "/Applications/Xcode.app/Contents/Developer/Toolchains/XcodeDefault.xctoolchain/usr/bin/ld" -demangle -lto_library /Applications/Xcode.app/Contents/Developer/Toolchains/XcodeDefault.xctoolchain/usr/lib/libLTO.dylib -dynamic -arch x86_64 -macosx_version_min 10.14.0 -syslibroot /Applications/Xcode.app/Contents/Developer/Platforms/MacOSX.platform/Developer/SDKs/MacOSX10.14.sdk -o /Users/coolkit/Documents/学习文档/opengl/tools/glfw-3.2.1/build/CMakeFiles/CMakeTmp/Debug/cmTC_b9942 -filelist /Users/coolkit/Documents/学习文档/opengl/tools/glfw-3.2.1/build/CMakeFiles/CMakeTmp/CMAKE_TRY_COMPILE.build/Debug/cmTC_b9942.build/Objects-normal/x86_64/cmTC_b9942.LinkFileList -object_path_lto /Users/coolkit/Documents/学习文档/opengl/tools/glfw-3.2.1/build/CMakeFiles/CMakeTmp/CMAKE_TRY_COMPILE.build/Debug/cmTC_b9942.build/Objects-normal/x86_64/cmTC_b9942_lto.o -no_deduplicate -v -search_paths_first -headerpad_max_install_names -dependency_info /Users/coolkit/Documents/学习文档/opengl/tools/glfw-3.2.1/build/CMakeFiles/CMakeTmp/CMAKE_TRY_COMPILE.build/Debug/cmTC_b9942.build/Objects-normal/x86_64/cmTC_b9942_dependency_info.dat -lSystem /Applications/Xcode.app/Contents/Developer/Toolchains/XcodeDefault.xctoolchain/usr/lib/clang/10.0.0/lib/darwin/libclang_rt.osx.a ]
    arg [/Applications/Xcode.app/Contents/Developer/Toolchains/XcodeDefault.xctoolchain/usr/bin/ld] ==> ignore
    arg [-demangle] ==> ignore
    arg [-lto_library] ==> ignore, skip following value
    arg [/Applications/Xcode.app/Contents/Developer/Toolchains/XcodeDefault.xctoolchain/usr/lib/libLTO.dylib] ==> skip value of -lto_library
    arg [-dynamic] ==> ignore
    arg [-arch] ==> ignore
    arg [x86_64] ==> ignore
    arg [-macosx_version_min] ==> ignore
    arg [10.14.0] ==> ignore
    arg [-syslibroot] ==> ignore
    arg [/Applications/Xcode.app/Contents/Developer/Platforms/MacOSX.platform/Developer/SDKs/MacOSX10.14.sdk] ==> ignore
    arg [-o] ==> ignore
    arg [/Users/coolkit/Documents/学习文档/opengl/tools/glfw-3.2.1/build/CMakeFiles/CMakeTmp/Debug/cmTC_b9942] ==> ignore
    arg [-filelist] ==> ignore
    arg [/Users/coolkit/Documents/学习文档/opengl/tools/glfw-3.2.1/build/CMakeFiles/CMakeTmp/CMAKE_TRY_COMPILE.build/Debug/cmTC_b9942.build/Objects-normal/x86_64/cmTC_b9942.LinkFileList] ==> ignore
    arg [-object_path_lto] ==> ignore
    arg [/Users/coolkit/Documents/学习文档/opengl/tools/glfw-3.2.1/build/CMakeFiles/CMakeTmp/CMAKE_TRY_COMPILE.build/Debug/cmTC_b9942.build/Objects-normal/x86_64/cmTC_b9942_lto.o] ==> ignore
    arg [-no_deduplicate] ==> ignore
    arg [-v] ==> ignore
    arg [-search_paths_first] ==> ignore
    arg [-headerpad_max_install_names] ==> ignore
    arg [-dependency_info] ==> ignore
    arg [/Users/coolkit/Documents/学习文档/opengl/tools/glfw-3.2.1/build/CMakeFiles/CMakeTmp/CMAKE_TRY_COMPILE.build/Debug/cmTC_b9942.build/Objects-normal/x86_64/cmTC_b9942_dependency_info.dat] ==> ignore
    arg [-lSystem] ==> lib [System]
    arg [/Applications/Xcode.app/Contents/Developer/Toolchains/XcodeDefault.xctoolchain/usr/lib/clang/10.0.0/lib/darwin/libclang_rt.osx.a] ==> lib [/Applications/Xcode.app/Contents/Developer/Toolchains/XcodeDefault.xctoolchain/usr/lib/clang/10.0.0/lib/darwin/libclang_rt.osx.a]
  Library search paths: [;/Users/coolkit/Documents/学习文档/opengl/tools/glfw-3.2.1/build/CMakeFiles/CMakeTmp/Debug;/Applications/Xcode.app/Contents/Developer/Platforms/MacOSX.platform/Developer/SDKs/MacOSX10.14.sdk/usr/lib]
  Framework search paths: [;/Users/coolkit/Documents/学习文档/opengl/tools/glfw-3.2.1/build/CMakeFiles/CMakeTmp/Debug;/Applications/Xcode.app/Contents/Developer/Platforms/MacOSX.platform/Developer/SDKs/MacOSX10.14.sdk/System/Library/Frameworks/]
  remove lib [System]
  remove lib [/Applications/Xcode.app/Contents/Developer/Toolchains/XcodeDefault.xctoolchain/usr/lib/clang/10.0.0/lib/darwin/libclang_rt.osx.a]
  collapse library dir [/Users/coolkit/Documents/学习文档/opengl/tools/glfw-3.2.1/build/CMakeFiles/CMakeTmp/Debug] ==> [/Users/coolkit/Documents/学习文档/opengl/tools/glfw-3.2.1/build/CMakeFiles/CMakeTmp/Debug], skipping non-system directory
  collapse library dir [/Applications/Xcode.app/Contents/Developer/Platforms/MacOSX.platform/Developer/SDKs/MacOSX10.14.sdk/usr/lib] ==> [/Applications/Xcode.app/Contents/Developer/Platforms/MacOSX.platform/Developer/SDKs/MacOSX10.14.sdk/usr/lib]
  collapse framework dir [/Users/coolkit/Documents/学习文档/opengl/tools/glfw-3.2.1/build/CMakeFiles/CMakeTmp/Debug] ==> [/Users/coolkit/Documents/学习文档/opengl/tools/glfw-3.2.1/build/CMakeFiles/CMakeTmp/Debug], skipping non-system directory
  collapse framework dir [/Applications/Xcode.app/Contents/Developer/Platforms/MacOSX.platform/Developer/SDKs/MacOSX10.14.sdk/System/Library/Frameworks/] ==> [/Applications/Xcode.app/Contents/Developer/Platforms/MacOSX.platform/Developer/SDKs/MacOSX10.14.sdk/System/Library/Frameworks]
  implicit libs: []
  implicit dirs: [/Applications/Xcode.app/Contents/Developer/Platforms/MacOSX.platform/Developer/SDKs/MacOSX10.14.sdk/usr/lib]
  implicit fwks: [/Applications/Xcode.app/Contents/Developer/Platforms/MacOSX.platform/Developer/SDKs/MacOSX10.14.sdk/System/Library/Frameworks]




Detecting C [-std=c11] compiler features compiled with the following output:
Change Dir: /Users/coolkit/Documents/学习文档/opengl/tools/glfw-3.2.1/build/CMakeFiles/CMakeTmp

Run Build Command:"/usr/bin/xcodebuild" "-project" "CMAKE_TRY_COMPILE.xcodeproj" "build" "-target" "cmTC_f910d" "-configuration" "Debug"
Prepare build
note: Using legacy build system

=== BUILD TARGET cmTC_f910d OF PROJECT CMAKE_TRY_COMPILE WITH CONFIGURATION Debug ===

Check dependencies

Write auxiliary files
/bin/mkdir -p /Users/coolkit/Documents/学习文档/opengl/tools/glfw-3.2.1/build/CMakeFiles/CMakeTmp/CMAKE_TRY_COMPILE.build/Debug/cmTC_f910d.build/Objects-normal/x86_64
write-file /Users/coolkit/Documents/学习文档/opengl/tools/glfw-3.2.1/build/CMakeFiles/CMakeTmp/CMAKE_TRY_COMPILE.build/Debug/cmTC_f910d.build/Objects-normal/x86_64/cmTC_f910d.LinkFileList

CompileC CMAKE_TRY_COMPILE.build/Debug/cmTC_f910d.build/Objects-normal/x86_64/feature_tests.o /Users/coolkit/Documents/学习文档/opengl/tools/glfw-3.2.1/build/CMakeFiles/feature_tests.c normal x86_64 c com.apple.compilers.llvm.clang.1_0.compiler
    cd /Users/coolkit/Documents/学习文档/opengl/tools/glfw-3.2.1/build/CMakeFiles/CMakeTmp
    export LANG=en_US.US-ASCII
    /Applications/Xcode.app/Contents/Developer/Toolchains/XcodeDefault.xctoolchain/usr/bin/clang -x c -arch x86_64 -fmessage-length=0 -fdiagnostics-show-note-include-stack -fmacro-backtrace-limit=0 -Wno-trigraphs -fpascal-strings -O0 -Wno-missing-field-initializers -Wno-missing-prototypes -Wno-return-type -Wno-missing-braces -Wparentheses -Wswitch -Wno-unused-function -Wno-unused-label -Wno-unused-parameter -Wno-unused-variable -Wunused-value -Wno-empty-body -Wno-uninitialized -Wno-unknown-pragmas -Wno-shadow -Wno-four-char-constants -Wno-conversion -Wno-constant-conversion -Wno-int-conversion -Wno-bool-conversion -Wno-enum-conversion -Wno-float-conversion -Wno-non-literal-null-conversion -Wno-objc-literal-conversion -Wno-shorten-64-to-32 -Wpointer-sign -Wno-newline-eof -DCMAKE_INTDIR=\"Debug\" -isysroot /Applications/Xcode.app/Contents/Developer/Platforms/MacOSX.platform/Developer/SDKs/MacOSX10.14.sdk -fasm-blocks -fstrict-aliasing -Wdeprecated-declarations -mmacosx-version-min=10.14 -g -Wno-sign-conversion -Wno-infinite-recursion -Wno-comma -Wno-block-capture-autoreleasing -Wno-strict-prototypes -Wno-semicolon-before-method-body -I/Users/coolkit/Documents/学习文档/opengl/tools/glfw-3.2.1/build/CMakeFiles/CMakeTmp/Debug/include -I/Users/coolkit/Documents/学习文档/opengl/tools/glfw-3.2.1/build/CMakeFiles/CMakeTmp/CMAKE_TRY_COMPILE.build/Debug/cmTC_f910d.build/DerivedSources/x86_64 -I/Users/coolkit/Documents/学习文档/opengl/tools/glfw-3.2.1/build/CMakeFiles/CMakeTmp/CMAKE_TRY_COMPILE.build/Debug/cmTC_f910d.build/DerivedSources -Wmost -Wno-four-char-constants -Wno-unknown-pragmas -F/Users/coolkit/Documents/学习文档/opengl/tools/glfw-3.2.1/build/CMakeFiles/CMakeTmp/Debug -std=c11 -MMD -MT dependencies -MF /Users/coolkit/Documents/学习文档/opengl/tools/glfw-3.2.1/build/CMakeFiles/CMakeTmp/CMAKE_TRY_COMPILE.build/Debug/cmTC_f910d.build/Objects-normal/x86_64/feature_tests.d --serialize-diagnostics /Users/coolkit/Documents/学习文档/opengl/tools/glfw-3.2.1/build/CMakeFiles/CMakeTmp/CMAKE_TRY_COMPILE.build/Debug/cmTC_f910d.build/Objects-normal/x86_64/feature_tests.dia -c /Users/coolkit/Documents/学习文档/opengl/tools/glfw-3.2.1/build/CMakeFiles/feature_tests.c -o /Users/coolkit/Documents/学习文档/opengl/tools/glfw-3.2.1/build/CMakeFiles/CMakeTmp/CMAKE_TRY_COMPILE.build/Debug/cmTC_f910d.build/Objects-normal/x86_64/feature_tests.o

Ld Debug/cmTC_f910d normal x86_64
    cd /Users/coolkit/Documents/学习文档/opengl/tools/glfw-3.2.1/build/CMakeFiles/CMakeTmp
    export MACOSX_DEPLOYMENT_TARGET=10.14
    /Applications/Xcode.app/Contents/Developer/Toolchains/XcodeDefault.xctoolchain/usr/bin/clang -arch x86_64 -isysroot /Applications/Xcode.app/Contents/Developer/Platforms/MacOSX.platform/Developer/SDKs/MacOSX10.14.sdk -L/Users/coolkit/Documents/学习文档/opengl/tools/glfw-3.2.1/build/CMakeFiles/CMakeTmp/Debug -F/Users/coolkit/Documents/学习文档/opengl/tools/glfw-3.2.1/build/CMakeFiles/CMakeTmp/Debug -filelist /Users/coolkit/Documents/学习文档/opengl/tools/glfw-3.2.1/build/CMakeFiles/CMakeTmp/CMAKE_TRY_COMPILE.build/Debug/cmTC_f910d.build/Objects-normal/x86_64/cmTC_f910d.LinkFileList -mmacosx-version-min=10.14 -Xlinker -object_path_lto -Xlinker /Users/coolkit/Documents/学习文档/opengl/tools/glfw-3.2.1/build/CMakeFiles/CMakeTmp/CMAKE_TRY_COMPILE.build/Debug/cmTC_f910d.build/Objects-normal/x86_64/cmTC_f910d_lto.o -Xlinker -no_deduplicate -Wl,-search_paths_first -Wl,-headerpad_max_install_names -Xlinker -dependency_info -Xlinker /Users/coolkit/Documents/学习文档/opengl/tools/glfw-3.2.1/build/CMakeFiles/CMakeTmp/CMAKE_TRY_COMPILE.build/Debug/cmTC_f910d.build/Objects-normal/x86_64/cmTC_f910d_dependency_info.dat -o /Users/coolkit/Documents/学习文档/opengl/tools/glfw-3.2.1/build/CMakeFiles/CMakeTmp/Debug/cmTC_f910d

** BUILD SUCCEEDED **



    Feature record: C_FEATURE:1c_function_prototypes
    Feature record: C_FEATURE:1c_restrict
    Feature record: C_FEATURE:1c_static_assert
    Feature record: C_FEATURE:1c_variadic_macros


Detecting C [-std=c99] compiler features compiled with the following output:
Change Dir: /Users/coolkit/Documents/学习文档/opengl/tools/glfw-3.2.1/build/CMakeFiles/CMakeTmp

Run Build Command:"/usr/bin/xcodebuild" "-project" "CMAKE_TRY_COMPILE.xcodeproj" "build" "-target" "cmTC_d97fa" "-configuration" "Debug"
Prepare build
note: Using legacy build system

=== BUILD TARGET cmTC_d97fa OF PROJECT CMAKE_TRY_COMPILE WITH CONFIGURATION Debug ===

Check dependencies

Write auxiliary files
/bin/mkdir -p /Users/coolkit/Documents/学习文档/opengl/tools/glfw-3.2.1/build/CMakeFiles/CMakeTmp/CMAKE_TRY_COMPILE.build/Debug/cmTC_d97fa.build/Objects-normal/x86_64
write-file /Users/coolkit/Documents/学习文档/opengl/tools/glfw-3.2.1/build/CMakeFiles/CMakeTmp/CMAKE_TRY_COMPILE.build/Debug/cmTC_d97fa.build/Objects-normal/x86_64/cmTC_d97fa.LinkFileList

CompileC CMAKE_TRY_COMPILE.build/Debug/cmTC_d97fa.build/Objects-normal/x86_64/feature_tests.o /Users/coolkit/Documents/学习文档/opengl/tools/glfw-3.2.1/build/CMakeFiles/feature_tests.c normal x86_64 c com.apple.compilers.llvm.clang.1_0.compiler
    cd /Users/coolkit/Documents/学习文档/opengl/tools/glfw-3.2.1/build/CMakeFiles/CMakeTmp
    export LANG=en_US.US-ASCII
    /Applications/Xcode.app/Contents/Developer/Toolchains/XcodeDefault.xctoolchain/usr/bin/clang -x c -arch x86_64 -fmessage-length=0 -fdiagnostics-show-note-include-stack -fmacro-backtrace-limit=0 -Wno-trigraphs -fpascal-strings -O0 -Wno-missing-field-initializers -Wno-missing-prototypes -Wno-return-type -Wno-missing-braces -Wparentheses -Wswitch -Wno-unused-function -Wno-unused-label -Wno-unused-parameter -Wno-unused-variable -Wunused-value -Wno-empty-body -Wno-uninitialized -Wno-unknown-pragmas -Wno-shadow -Wno-four-char-constants -Wno-conversion -Wno-constant-conversion -Wno-int-conversion -Wno-bool-conversion -Wno-enum-conversion -Wno-float-conversion -Wno-non-literal-null-conversion -Wno-objc-literal-conversion -Wno-shorten-64-to-32 -Wpointer-sign -Wno-newline-eof -DCMAKE_INTDIR=\"Debug\" -isysroot /Applications/Xcode.app/Contents/Developer/Platforms/MacOSX.platform/Developer/SDKs/MacOSX10.14.sdk -fasm-blocks -fstrict-aliasing -Wdeprecated-declarations -mmacosx-version-min=10.14 -g -Wno-sign-conversion -Wno-infinite-recursion -Wno-comma -Wno-block-capture-autoreleasing -Wno-strict-prototypes -Wno-semicolon-before-method-body -I/Users/coolkit/Documents/学习文档/opengl/tools/glfw-3.2.1/build/CMakeFiles/CMakeTmp/Debug/include -I/Users/coolkit/Documents/学习文档/opengl/tools/glfw-3.2.1/build/CMakeFiles/CMakeTmp/CMAKE_TRY_COMPILE.build/Debug/cmTC_d97fa.build/DerivedSources/x86_64 -I/Users/coolkit/Documents/学习文档/opengl/tools/glfw-3.2.1/build/CMakeFiles/CMakeTmp/CMAKE_TRY_COMPILE.build/Debug/cmTC_d97fa.build/DerivedSources -Wmost -Wno-four-char-constants -Wno-unknown-pragmas -F/Users/coolkit/Documents/学习文档/opengl/tools/glfw-3.2.1/build/CMakeFiles/CMakeTmp/Debug -std=c99 -MMD -MT dependencies -MF /Users/coolkit/Documents/学习文档/opengl/tools/glfw-3.2.1/build/CMakeFiles/CMakeTmp/CMAKE_TRY_COMPILE.build/Debug/cmTC_d97fa.build/Objects-normal/x86_64/feature_tests.d --serialize-diagnostics /Users/coolkit/Documents/学习文档/opengl/tools/glfw-3.2.1/build/CMakeFiles/CMakeTmp/CMAKE_TRY_COMPILE.build/Debug/cmTC_d97fa.build/Objects-normal/x86_64/feature_tests.dia -c /Users/coolkit/Documents/学习文档/opengl/tools/glfw-3.2.1/build/CMakeFiles/feature_tests.c -o /Users/coolkit/Documents/学习文档/opengl/tools/glfw-3.2.1/build/CMakeFiles/CMakeTmp/CMAKE_TRY_COMPILE.build/Debug/cmTC_d97fa.build/Objects-normal/x86_64/feature_tests.o

Ld Debug/cmTC_d97fa normal x86_64
    cd /Users/coolkit/Documents/学习文档/opengl/tools/glfw-3.2.1/build/CMakeFiles/CMakeTmp
    export MACOSX_DEPLOYMENT_TARGET=10.14
    /Applications/Xcode.app/Contents/Developer/Toolchains/XcodeDefault.xctoolchain/usr/bin/clang -arch x86_64 -isysroot /Applications/Xcode.app/Contents/Developer/Platforms/MacOSX.platform/Developer/SDKs/MacOSX10.14.sdk -L/Users/coolkit/Documents/学习文档/opengl/tools/glfw-3.2.1/build/CMakeFiles/CMakeTmp/Debug -F/Users/coolkit/Documents/学习文档/opengl/tools/glfw-3.2.1/build/CMakeFiles/CMakeTmp/Debug -filelist /Users/coolkit/Documents/学习文档/opengl/tools/glfw-3.2.1/build/CMakeFiles/CMakeTmp/CMAKE_TRY_COMPILE.build/Debug/cmTC_d97fa.build/Objects-normal/x86_64/cmTC_d97fa.LinkFileList -mmacosx-version-min=10.14 -Xlinker -object_path_lto -Xlinker /Users/coolkit/Documents/学习文档/opengl/tools/glfw-3.2.1/build/CMakeFiles/CMakeTmp/CMAKE_TRY_COMPILE.build/Debug/cmTC_d97fa.build/Objects-normal/x86_64/cmTC_d97fa_lto.o -Xlinker -no_deduplicate -Wl,-search_paths_first -Wl,-headerpad_max_install_names -Xlinker -dependency_info -Xlinker /Users/coolkit/Documents/学习文档/opengl/tools/glfw-3.2.1/build/CMakeFiles/CMakeTmp/CMAKE_TRY_COMPILE.build/Debug/cmTC_d97fa.build/Objects-normal/x86_64/cmTC_d97fa_dependency_info.dat -o /Users/coolkit/Documents/学习文档/opengl/tools/glfw-3.2.1/build/CMakeFiles/CMakeTmp/Debug/cmTC_d97fa

** BUILD SUCCEEDED **



    Feature record: C_FEATURE:1c_function_prototypes
    Feature record: C_FEATURE:1c_restrict
    Feature record: C_FEATURE:0c_static_assert
    Feature record: C_FEATURE:1c_variadic_macros


Detecting C [-std=c90] compiler features compiled with the following output:
Change Dir: /Users/coolkit/Documents/学习文档/opengl/tools/glfw-3.2.1/build/CMakeFiles/CMakeTmp

Run Build Command:"/usr/bin/xcodebuild" "-project" "CMAKE_TRY_COMPILE.xcodeproj" "build" "-target" "cmTC_8a775" "-configuration" "Debug"
Prepare build
note: Using legacy build system

=== BUILD TARGET cmTC_8a775 OF PROJECT CMAKE_TRY_COMPILE WITH CONFIGURATION Debug ===

Check dependencies

Write auxiliary files
/bin/mkdir -p /Users/coolkit/Documents/学习文档/opengl/tools/glfw-3.2.1/build/CMakeFiles/CMakeTmp/CMAKE_TRY_COMPILE.build/Debug/cmTC_8a775.build/Objects-normal/x86_64
write-file /Users/coolkit/Documents/学习文档/opengl/tools/glfw-3.2.1/build/CMakeFiles/CMakeTmp/CMAKE_TRY_COMPILE.build/Debug/cmTC_8a775.build/Objects-normal/x86_64/cmTC_8a775.LinkFileList

CompileC CMAKE_TRY_COMPILE.build/Debug/cmTC_8a775.build/Objects-normal/x86_64/feature_tests.o /Users/coolkit/Documents/学习文档/opengl/tools/glfw-3.2.1/build/CMakeFiles/feature_tests.c normal x86_64 c com.apple.compilers.llvm.clang.1_0.compiler
    cd /Users/coolkit/Documents/学习文档/opengl/tools/glfw-3.2.1/build/CMakeFiles/CMakeTmp
    export LANG=en_US.US-ASCII
    /Applications/Xcode.app/Contents/Developer/Toolchains/XcodeDefault.xctoolchain/usr/bin/clang -x c -arch x86_64 -fmessage-length=0 -fdiagnostics-show-note-include-stack -fmacro-backtrace-limit=0 -Wno-trigraphs -fpascal-strings -O0 -Wno-missing-field-initializers -Wno-missing-prototypes -Wno-return-type -Wno-missing-braces -Wparentheses -Wswitch -Wno-unused-function -Wno-unused-label -Wno-unused-parameter -Wno-unused-variable -Wunused-value -Wno-empty-body -Wno-uninitialized -Wno-unknown-pragmas -Wno-shadow -Wno-four-char-constants -Wno-conversion -Wno-constant-conversion -Wno-int-conversion -Wno-bool-conversion -Wno-enum-conversion -Wno-float-conversion -Wno-non-literal-null-conversion -Wno-objc-literal-conversion -Wno-shorten-64-to-32 -Wpointer-sign -Wno-newline-eof -DCMAKE_INTDIR=\"Debug\" -isysroot /Applications/Xcode.app/Contents/Developer/Platforms/MacOSX.platform/Developer/SDKs/MacOSX10.14.sdk -fasm-blocks -fstrict-aliasing -Wdeprecated-declarations -mmacosx-version-min=10.14 -g -Wno-sign-conversion -Wno-infinite-recursion -Wno-comma -Wno-block-capture-autoreleasing -Wno-strict-prototypes -Wno-semicolon-before-method-body -I/Users/coolkit/Documents/学习文档/opengl/tools/glfw-3.2.1/build/CMakeFiles/CMakeTmp/Debug/include -I/Users/coolkit/Documents/学习文档/opengl/tools/glfw-3.2.1/build/CMakeFiles/CMakeTmp/CMAKE_TRY_COMPILE.build/Debug/cmTC_8a775.build/DerivedSources/x86_64 -I/Users/coolkit/Documents/学习文档/opengl/tools/glfw-3.2.1/build/CMakeFiles/CMakeTmp/CMAKE_TRY_COMPILE.build/Debug/cmTC_8a775.build/DerivedSources -Wmost -Wno-four-char-constants -Wno-unknown-pragmas -F/Users/coolkit/Documents/学习文档/opengl/tools/glfw-3.2.1/build/CMakeFiles/CMakeTmp/Debug -std=c90 -MMD -MT dependencies -MF /Users/coolkit/Documents/学习文档/opengl/tools/glfw-3.2.1/build/CMakeFiles/CMakeTmp/CMAKE_TRY_COMPILE.build/Debug/cmTC_8a775.build/Objects-normal/x86_64/feature_tests.d --serialize-diagnostics /Users/coolkit/Documents/学习文档/opengl/tools/glfw-3.2.1/build/CMakeFiles/CMakeTmp/CMAKE_TRY_COMPILE.build/Debug/cmTC_8a775.build/Objects-normal/x86_64/feature_tests.dia -c /Users/coolkit/Documents/学习文档/opengl/tools/glfw-3.2.1/build/CMakeFiles/feature_tests.c -o /Users/coolkit/Documents/学习文档/opengl/tools/glfw-3.2.1/build/CMakeFiles/CMakeTmp/CMAKE_TRY_COMPILE.build/Debug/cmTC_8a775.build/Objects-normal/x86_64/feature_tests.o

Ld Debug/cmTC_8a775 normal x86_64
    cd /Users/coolkit/Documents/学习文档/opengl/tools/glfw-3.2.1/build/CMakeFiles/CMakeTmp
    export MACOSX_DEPLOYMENT_TARGET=10.14
    /Applications/Xcode.app/Contents/Developer/Toolchains/XcodeDefault.xctoolchain/usr/bin/clang -arch x86_64 -isysroot /Applications/Xcode.app/Contents/Developer/Platforms/MacOSX.platform/Developer/SDKs/MacOSX10.14.sdk -L/Users/coolkit/Documents/学习文档/opengl/tools/glfw-3.2.1/build/CMakeFiles/CMakeTmp/Debug -F/Users/coolkit/Documents/学习文档/opengl/tools/glfw-3.2.1/build/CMakeFiles/CMakeTmp/Debug -filelist /Users/coolkit/Documents/学习文档/opengl/tools/glfw-3.2.1/build/CMakeFiles/CMakeTmp/CMAKE_TRY_COMPILE.build/Debug/cmTC_8a775.build/Objects-normal/x86_64/cmTC_8a775.LinkFileList -mmacosx-version-min=10.14 -Xlinker -object_path_lto -Xlinker /Users/coolkit/Documents/学习文档/opengl/tools/glfw-3.2.1/build/CMakeFiles/CMakeTmp/CMAKE_TRY_COMPILE.build/Debug/cmTC_8a775.build/Objects-normal/x86_64/cmTC_8a775_lto.o -Xlinker -no_deduplicate -Wl,-search_paths_first -Wl,-headerpad_max_install_names -Xlinker -dependency_info -Xlinker /Users/coolkit/Documents/学习文档/opengl/tools/glfw-3.2.1/build/CMakeFiles/CMakeTmp/CMAKE_TRY_COMPILE.build/Debug/cmTC_8a775.build/Objects-normal/x86_64/cmTC_8a775_dependency_info.dat -o /Users/coolkit/Documents/学习文档/opengl/tools/glfw-3.2.1/build/CMakeFiles/CMakeTmp/Debug/cmTC_8a775

** BUILD SUCCEEDED **



    Feature record: C_FEATURE:1c_function_prototypes
    Feature record: C_FEATURE:0c_restrict
    Feature record: C_FEATURE:0c_static_assert
    Feature record: C_FEATURE:0c_variadic_macros
Determining if the include file pthread.h exists passed with the following output:
Change Dir: /Users/coolkit/Documents/学习文档/opengl/tools/glfw-3.2.1/build/CMakeFiles/CMakeTmp

Run Build Command:"/usr/bin/xcodebuild" "-project" "CMAKE_TRY_COMPILE.xcodeproj" "build" "-target" "cmTC_d952e" "-configuration" "Debug"
Prepare build
note: Using legacy build system

=== BUILD TARGET cmTC_d952e OF PROJECT CMAKE_TRY_COMPILE WITH CONFIGURATION Debug ===

Check dependencies

Write auxiliary files
/bin/mkdir -p /Users/coolkit/Documents/学习文档/opengl/tools/glfw-3.2.1/build/CMakeFiles/CMakeTmp/CMAKE_TRY_COMPILE.build/Debug/cmTC_d952e.build/Objects-normal/x86_64
write-file /Users/coolkit/Documents/学习文档/opengl/tools/glfw-3.2.1/build/CMakeFiles/CMakeTmp/CMAKE_TRY_COMPILE.build/Debug/cmTC_d952e.build/Objects-normal/x86_64/cmTC_d952e.LinkFileList

CompileC CMAKE_TRY_COMPILE.build/Debug/cmTC_d952e.build/Objects-normal/x86_64/CheckIncludeFile.o CheckIncludeFile.c normal x86_64 c com.apple.compilers.llvm.clang.1_0.compiler
    cd /Users/coolkit/Documents/学习文档/opengl/tools/glfw-3.2.1/build/CMakeFiles/CMakeTmp
    export LANG=en_US.US-ASCII
    /Applications/Xcode.app/Contents/Developer/Toolchains/XcodeDefault.xctoolchain/usr/bin/clang -x c -arch x86_64 -fmessage-length=0 -fdiagnostics-show-note-include-stack -fmacro-backtrace-limit=0 -Wno-trigraphs -fpascal-strings -O0 -Wno-missing-field-initializers -Wno-missing-prototypes -Wno-return-type -Wno-missing-braces -Wparentheses -Wswitch -Wno-unused-function -Wno-unused-label -Wno-unused-parameter -Wno-unused-variable -Wunused-value -Wno-empty-body -Wno-uninitialized -Wno-unknown-pragmas -Wno-shadow -Wno-four-char-constants -Wno-conversion -Wno-constant-conversion -Wno-int-conversion -Wno-bool-conversion -Wno-enum-conversion -Wno-float-conversion -Wno-non-literal-null-conversion -Wno-objc-literal-conversion -Wno-shorten-64-to-32 -Wpointer-sign -Wno-newline-eof -DCMAKE_INTDIR=\"Debug\" -isysroot /Applications/Xcode.app/Contents/Developer/Platforms/MacOSX.platform/Developer/SDKs/MacOSX10.14.sdk -fasm-blocks -fstrict-aliasing -Wdeprecated-declarations -mmacosx-version-min=10.14 -g -Wno-sign-conversion -Wno-infinite-recursion -Wno-comma -Wno-block-capture-autoreleasing -Wno-strict-prototypes -Wno-semicolon-before-method-body -I/Users/coolkit/Documents/学习文档/opengl/tools/glfw-3.2.1/build/CMakeFiles/CMakeTmp/Debug/include -I/Users/coolkit/Documents/学习文档/opengl/tools/glfw-3.2.1/build/CMakeFiles/CMakeTmp/CMAKE_TRY_COMPILE.build/Debug/cmTC_d952e.build/DerivedSources/x86_64 -I/Users/coolkit/Documents/学习文档/opengl/tools/glfw-3.2.1/build/CMakeFiles/CMakeTmp/CMAKE_TRY_COMPILE.build/Debug/cmTC_d952e.build/DerivedSources -Wmost -Wno-four-char-constants -Wno-unknown-pragmas -F/Users/coolkit/Documents/学习文档/opengl/tools/glfw-3.2.1/build/CMakeFiles/CMakeTmp/Debug -MMD -MT dependencies -MF /Users/coolkit/Documents/学习文档/opengl/tools/glfw-3.2.1/build/CMakeFiles/CMakeTmp/CMAKE_TRY_COMPILE.build/Debug/cmTC_d952e.build/Objects-normal/x86_64/CheckIncludeFile.d --serialize-diagnostics /Users/coolkit/Documents/学习文档/opengl/tools/glfw-3.2.1/build/CMakeFiles/CMakeTmp/CMAKE_TRY_COMPILE.build/Debug/cmTC_d952e.build/Objects-normal/x86_64/CheckIncludeFile.dia -c /Users/coolkit/Documents/学习文档/opengl/tools/glfw-3.2.1/build/CMakeFiles/CMakeTmp/CheckIncludeFile.c -o /Users/coolkit/Documents/学习文档/opengl/tools/glfw-3.2.1/build/CMakeFiles/CMakeTmp/CMAKE_TRY_COMPILE.build/Debug/cmTC_d952e.build/Objects-normal/x86_64/CheckIncludeFile.o

Ld Debug/cmTC_d952e normal x86_64
    cd /Users/coolkit/Documents/学习文档/opengl/tools/glfw-3.2.1/build/CMakeFiles/CMakeTmp
    export MACOSX_DEPLOYMENT_TARGET=10.14
    /Applications/Xcode.app/Contents/Developer/Toolchains/XcodeDefault.xctoolchain/usr/bin/clang -arch x86_64 -isysroot /Applications/Xcode.app/Contents/Developer/Platforms/MacOSX.platform/Developer/SDKs/MacOSX10.14.sdk -L/Users/coolkit/Documents/学习文档/opengl/tools/glfw-3.2.1/build/CMakeFiles/CMakeTmp/Debug -F/Users/coolkit/Documents/学习文档/opengl/tools/glfw-3.2.1/build/CMakeFiles/CMakeTmp/Debug -filelist /Users/coolkit/Documents/学习文档/opengl/tools/glfw-3.2.1/build/CMakeFiles/CMakeTmp/CMAKE_TRY_COMPILE.build/Debug/cmTC_d952e.build/Objects-normal/x86_64/cmTC_d952e.LinkFileList -mmacosx-version-min=10.14 -Xlinker -object_path_lto -Xlinker /Users/coolkit/Documents/学习文档/opengl/tools/glfw-3.2.1/build/CMakeFiles/CMakeTmp/CMAKE_TRY_COMPILE.build/Debug/cmTC_d952e.build/Objects-normal/x86_64/cmTC_d952e_lto.o -Xlinker -no_deduplicate -Wl,-search_paths_first -Wl,-headerpad_max_install_names -Xlinker -dependency_info -Xlinker /Users/coolkit/Documents/学习文档/opengl/tools/glfw-3.2.1/build/CMakeFiles/CMakeTmp/CMAKE_TRY_COMPILE.build/Debug/cmTC_d952e.build/Objects-normal/x86_64/cmTC_d952e_dependency_info.dat -o /Users/coolkit/Documents/学习文档/opengl/tools/glfw-3.2.1/build/CMakeFiles/CMakeTmp/Debug/cmTC_d952e

** BUILD SUCCEEDED **



Determining if the pthread_create exist passed with the following output:
Change Dir: /Users/coolkit/Documents/学习文档/opengl/tools/glfw-3.2.1/build/CMakeFiles/CMakeTmp

Run Build Command:"/usr/bin/xcodebuild" "-project" "CMAKE_TRY_COMPILE.xcodeproj" "build" "-target" "cmTC_33a76" "-configuration" "Debug"
Prepare build
note: Using legacy build system

=== BUILD TARGET cmTC_33a76 OF PROJECT CMAKE_TRY_COMPILE WITH CONFIGURATION Debug ===

Check dependencies

Write auxiliary files
/bin/mkdir -p /Users/coolkit/Documents/学习文档/opengl/tools/glfw-3.2.1/build/CMakeFiles/CMakeTmp/CMAKE_TRY_COMPILE.build/Debug/cmTC_33a76.build/Objects-normal/x86_64
write-file /Users/coolkit/Documents/学习文档/opengl/tools/glfw-3.2.1/build/CMakeFiles/CMakeTmp/CMAKE_TRY_COMPILE.build/Debug/cmTC_33a76.build/Objects-normal/x86_64/cmTC_33a76.LinkFileList

CompileC CMAKE_TRY_COMPILE.build/Debug/cmTC_33a76.build/Objects-normal/x86_64/CheckSymbolExists.o CheckSymbolExists.c normal x86_64 c com.apple.compilers.llvm.clang.1_0.compiler
    cd /Users/coolkit/Documents/学习文档/opengl/tools/glfw-3.2.1/build/CMakeFiles/CMakeTmp
    export LANG=en_US.US-ASCII
    /Applications/Xcode.app/Contents/Developer/Toolchains/XcodeDefault.xctoolchain/usr/bin/clang -x c -arch x86_64 -fmessage-length=0 -fdiagnostics-show-note-include-stack -fmacro-backtrace-limit=0 -Wno-trigraphs -fpascal-strings -O0 -Wno-missing-field-initializers -Wno-missing-prototypes -Wno-return-type -Wno-missing-braces -Wparentheses -Wswitch -Wno-unused-function -Wno-unused-label -Wno-unused-parameter -Wno-unused-variable -Wunused-value -Wno-empty-body -Wno-uninitialized -Wno-unknown-pragmas -Wno-shadow -Wno-four-char-constants -Wno-conversion -Wno-constant-conversion -Wno-int-conversion -Wno-bool-conversion -Wno-enum-conversion -Wno-float-conversion -Wno-non-literal-null-conversion -Wno-objc-literal-conversion -Wno-shorten-64-to-32 -Wpointer-sign -Wno-newline-eof -DCMAKE_INTDIR=\"Debug\" -isysroot /Applications/Xcode.app/Contents/Developer/Platforms/MacOSX.platform/Developer/SDKs/MacOSX10.14.sdk -fasm-blocks -fstrict-aliasing -Wdeprecated-declarations -mmacosx-version-min=10.14 -g -Wno-sign-conversion -Wno-infinite-recursion -Wno-comma -Wno-block-capture-autoreleasing -Wno-strict-prototypes -Wno-semicolon-before-method-body -I/Users/coolkit/Documents/学习文档/opengl/tools/glfw-3.2.1/build/CMakeFiles/CMakeTmp/Debug/include -I/Users/coolkit/Documents/学习文档/opengl/tools/glfw-3.2.1/build/CMakeFiles/CMakeTmp/CMAKE_TRY_COMPILE.build/Debug/cmTC_33a76.build/DerivedSources/x86_64 -I/Users/coolkit/Documents/学习文档/opengl/tools/glfw-3.2.1/build/CMakeFiles/CMakeTmp/CMAKE_TRY_COMPILE.build/Debug/cmTC_33a76.build/DerivedSources -Wmost -Wno-four-char-constants -Wno-unknown-pragmas -F/Users/coolkit/Documents/学习文档/opengl/tools/glfw-3.2.1/build/CMakeFiles/CMakeTmp/Debug -MMD -MT dependencies -MF /Users/coolkit/Documents/学习文档/opengl/tools/glfw-3.2.1/build/CMakeFiles/CMakeTmp/CMAKE_TRY_COMPILE.build/Debug/cmTC_33a76.build/Objects-normal/x86_64/CheckSymbolExists.d --serialize-diagnostics /Users/coolkit/Documents/学习文档/opengl/tools/glfw-3.2.1/build/CMakeFiles/CMakeTmp/CMAKE_TRY_COMPILE.build/Debug/cmTC_33a76.build/Objects-normal/x86_64/CheckSymbolExists.dia -c /Users/coolkit/Documents/学习文档/opengl/tools/glfw-3.2.1/build/CMakeFiles/CMakeTmp/CheckSymbolExists.c -o /Users/coolkit/Documents/学习文档/opengl/tools/glfw-3.2.1/build/CMakeFiles/CMakeTmp/CMAKE_TRY_COMPILE.build/Debug/cmTC_33a76.build/Objects-normal/x86_64/CheckSymbolExists.o

Ld Debug/cmTC_33a76 normal x86_64
    cd /Users/coolkit/Documents/学习文档/opengl/tools/glfw-3.2.1/build/CMakeFiles/CMakeTmp
    export MACOSX_DEPLOYMENT_TARGET=10.14
    /Applications/Xcode.app/Contents/Developer/Toolchains/XcodeDefault.xctoolchain/usr/bin/clang -arch x86_64 -isysroot /Applications/Xcode.app/Contents/Developer/Platforms/MacOSX.platform/Developer/SDKs/MacOSX10.14.sdk -L/Users/coolkit/Documents/学习文档/opengl/tools/glfw-3.2.1/build/CMakeFiles/CMakeTmp/Debug -F/Users/coolkit/Documents/学习文档/opengl/tools/glfw-3.2.1/build/CMakeFiles/CMakeTmp/Debug -filelist /Users/coolkit/Documents/学习文档/opengl/tools/glfw-3.2.1/build/CMakeFiles/CMakeTmp/CMAKE_TRY_COMPILE.build/Debug/cmTC_33a76.build/Objects-normal/x86_64/cmTC_33a76.LinkFileList -mmacosx-version-min=10.14 -Xlinker -object_path_lto -Xlinker /Users/coolkit/Documents/学习文档/opengl/tools/glfw-3.2.1/build/CMakeFiles/CMakeTmp/CMAKE_TRY_COMPILE.build/Debug/cmTC_33a76.build/Objects-normal/x86_64/cmTC_33a76_lto.o -Xlinker -no_deduplicate -Wl,-search_paths_first -Wl,-headerpad_max_install_names -Xlinker -dependency_info -Xlinker /Users/coolkit/Documents/学习文档/opengl/tools/glfw-3.2.1/build/CMakeFiles/CMakeTmp/CMAKE_TRY_COMPILE.build/Debug/cmTC_33a76.build/Objects-normal/x86_64/cmTC_33a76_dependency_info.dat -o /Users/coolkit/Documents/学习文档/opengl/tools/glfw-3.2.1/build/CMakeFiles/CMakeTmp/Debug/cmTC_33a76

** BUILD SUCCEEDED **


File /Users/coolkit/Documents/学习文档/opengl/tools/glfw-3.2.1/build/CMakeFiles/CMakeTmp/CheckSymbolExists.c:
/* */
#include <pthread.h>

int main(int argc, char** argv)
{
  (void)argv;
#ifndef pthread_create
  return ((int*)(&pthread_create))[argc];
#else
  (void)argc;
  return 0;
#endif
}

